<?xml version="1.0" encoding="UTF-8"?>
<testsuite name="com.example.highhopes.HighHopesApplicationTests" tests="1" skipped="0" failures="0" errors="0" timestamp="2024-04-17T23:38:01" hostname="DESKTOP-ALEX" time="0.461">
  <properties/>
  <testcase name="contextLoads()" classname="com.example.highhopes.HighHopesApplicationTests" time="0.461"/>
  <system-out><![CDATA[00:37:50.857 [Test worker] INFO org.springframework.test.context.support.AnnotationConfigContextLoaderUtils -- Could not detect default configuration classes for test class [com.example.highhopes.HighHopesApplicationTests]: HighHopesApplicationTests does not declare any static, non-private, non-final, nested classes annotated with @Configuration.
00:37:51.059 [Test worker] INFO org.springframework.boot.test.context.SpringBootTestContextBootstrapper -- Found @SpringBootConfiguration com.example.highhopes.HighHopesApplication for test class com.example.highhopes.HighHopesApplicationTests

  .   ____          _            __ _ _
 /\\ / ___'_ __ _ _(_)_ __  __ _ \ \ \ \
( ( )\___ | '_ | '_| | '_ \/ _` | \ \ \ \
 \\/  ___)| |_)| | | | | || (_| |  ) ) ) )
  '  |____| .__|_| |_|_| |_\__, | / / / /
 =========|_|==============|___/=/_/_/_/
 :: Spring Boot ::                (v3.2.4)

2024-04-18T00:37:51.896+01:00  INFO 34032 --- [High-Hopes] [    Test worker] c.e.highhopes.HighHopesApplicationTests  : Starting HighHopesApplicationTests using Java 17.0.10 with PID 34032 (started by BlackFox in C:\Users\BlackFox\IdeaProjects\HighHopesKoyeb)
2024-04-18T00:37:51.898+01:00  INFO 34032 --- [High-Hopes] [    Test worker] c.e.highhopes.HighHopesApplicationTests  : No active profile set, falling back to 1 default profile: "default"
2024-04-18T00:37:53.778+01:00  INFO 34032 --- [High-Hopes] [    Test worker] .s.d.r.c.RepositoryConfigurationDelegate : Bootstrapping Spring Data JPA repositories in DEFAULT mode.
2024-04-18T00:37:53.907+01:00  INFO 34032 --- [High-Hopes] [    Test worker] .s.d.r.c.RepositoryConfigurationDelegate : Finished Spring Data repository scanning in 103 ms. Found 2 JPA repository interfaces.
2024-04-18T00:37:55.007+01:00  INFO 34032 --- [High-Hopes] [    Test worker] com.zaxxer.hikari.HikariDataSource       : HikariPool-1 - Starting...
2024-04-18T00:37:55.357+01:00  INFO 34032 --- [High-Hopes] [    Test worker] com.zaxxer.hikari.pool.HikariPool        : HikariPool-1 - Added connection conn0: url=jdbc:h2:mem:HighHope user=SA
2024-04-18T00:37:55.364+01:00  INFO 34032 --- [High-Hopes] [    Test worker] com.zaxxer.hikari.HikariDataSource       : HikariPool-1 - Start completed.
2024-04-18T00:37:55.528+01:00  INFO 34032 --- [High-Hopes] [    Test worker] o.f.c.internal.license.VersionPrinter    : Flyway Community Edition 9.22.3 by Redgate
2024-04-18T00:37:55.528+01:00  INFO 34032 --- [High-Hopes] [    Test worker] o.f.c.internal.license.VersionPrinter    : See release notes here: https://rd.gt/416ObMi
2024-04-18T00:37:55.528+01:00  INFO 34032 --- [High-Hopes] [    Test worker] o.f.c.internal.license.VersionPrinter    : 
2024-04-18T00:37:55.621+01:00  INFO 34032 --- [High-Hopes] [    Test worker] org.flywaydb.core.FlywayExecutor         : Database: jdbc:h2:mem:HighHope (H2 2.2)
2024-04-18T00:37:55.632+01:00  WARN 34032 --- [High-Hopes] [    Test worker] o.f.c.internal.database.base.Database    : Flyway upgrade recommended: H2 2.2.224 is newer than this version of Flyway and support has not been tested. The latest supported version of H2 is 2.2.220.
2024-04-18T00:37:55.674+01:00  INFO 34032 --- [High-Hopes] [    Test worker] o.f.c.i.s.JdbcTableSchemaHistory         : Schema history table "PUBLIC"."flyway_schema_history" does not exist yet
2024-04-18T00:37:55.680+01:00  INFO 34032 --- [High-Hopes] [    Test worker] o.f.core.internal.command.DbValidate     : Successfully validated 2 migrations (execution time 00:00.024s)
2024-04-18T00:37:55.695+01:00  INFO 34032 --- [High-Hopes] [    Test worker] o.f.c.i.s.JdbcTableSchemaHistory         : Creating Schema History table "PUBLIC"."flyway_schema_history" ...
2024-04-18T00:37:55.745+01:00  INFO 34032 --- [High-Hopes] [    Test worker] o.f.core.internal.command.DbMigrate      : Current version of schema "PUBLIC": << Empty Schema >>
2024-04-18T00:37:55.756+01:00  INFO 34032 --- [High-Hopes] [    Test worker] o.f.core.internal.command.DbMigrate      : Migrating schema "PUBLIC" to version "1 - create users table"
2024-04-18T00:37:55.775+01:00  INFO 34032 --- [High-Hopes] [    Test worker] o.f.core.internal.command.DbMigrate      : Migrating schema "PUBLIC" to version "2 - create short links table"
2024-04-18T00:37:55.798+01:00  INFO 34032 --- [High-Hopes] [    Test worker] o.f.core.internal.command.DbMigrate      : Successfully applied 2 migrations to schema "PUBLIC", now at version v2 (execution time 00:00.019s)
2024-04-18T00:37:55.971+01:00  INFO 34032 --- [High-Hopes] [    Test worker] o.hibernate.jpa.internal.util.LogHelper  : HHH000204: Processing PersistenceUnitInfo [name: default]
2024-04-18T00:37:56.113+01:00  INFO 34032 --- [High-Hopes] [    Test worker] org.hibernate.Version                    : HHH000412: Hibernate ORM core version 6.4.4.Final
2024-04-18T00:37:56.209+01:00  INFO 34032 --- [High-Hopes] [    Test worker] o.h.c.internal.RegionFactoryInitiator    : HHH000026: Second-level cache disabled
2024-04-18T00:37:56.759+01:00  INFO 34032 --- [High-Hopes] [    Test worker] o.s.o.j.p.SpringPersistenceUnitInfo      : No LoadTimeWeaver setup: ignoring JPA class transformer
2024-04-18T00:37:58.231+01:00  INFO 34032 --- [High-Hopes] [    Test worker] o.h.e.t.j.p.i.JtaPlatformInitiator       : HHH000489: No JTA platform available (set 'hibernate.transaction.jta.platform' to enable JTA platform integration)
2024-04-18T00:37:58.276+01:00  INFO 34032 --- [High-Hopes] [    Test worker] j.LocalContainerEntityManagerFactoryBean : Initialized JPA EntityManagerFactory for persistence unit 'default'
2024-04-18T00:38:00.299+01:00  INFO 34032 --- [High-Hopes] [    Test worker] o.s.s.web.DefaultSecurityFilterChain     : Will secure any request with [org.springframework.security.web.session.DisableEncodeUrlFilter@5860e4c3, org.springframework.security.web.context.request.async.WebAsyncManagerIntegrationFilter@3edc999f, org.springframework.security.web.context.SecurityContextHolderFilter@ab5f1d5, org.springframework.security.web.header.HeaderWriterFilter@17c0d43c, org.springframework.web.filter.CorsFilter@cb03360, org.springframework.security.web.authentication.logout.LogoutFilter@1c8746a0, com.example.highhopes.jwt.JwtRequestFilter@4c0989f7, org.springframework.security.web.savedrequest.RequestCacheAwareFilter@10395bc4, org.springframework.security.web.servletapi.SecurityContextHolderAwareRequestFilter@3459ccd9, org.springframework.security.web.authentication.AnonymousAuthenticationFilter@3a8ae302, org.springframework.security.web.session.SessionManagementFilter@8497c23, org.springframework.security.web.access.ExceptionTranslationFilter@4be171d1, org.springframework.security.web.access.intercept.FilterSecurityInterceptor@2c4142f8]
2024-04-18T00:38:01.487+01:00  WARN 34032 --- [High-Hopes] [    Test worker] o.s.s.c.a.web.builders.WebSecurity       : You are asking Spring Security to ignore Ant [pattern='/authenticate']. This is not recommended -- please use permitAll via HttpSecurity#authorizeHttpRequests instead.
2024-04-18T00:38:01.488+01:00  INFO 34032 --- [High-Hopes] [    Test worker] o.s.s.web.DefaultSecurityFilterChain     : Will not secure Ant [pattern='/authenticate']
2024-04-18T00:38:01.636+01:00  INFO 34032 --- [High-Hopes] [    Test worker] c.e.highhopes.HighHopesApplicationTests  : Started HighHopesApplicationTests in 10.202 seconds (process running for 12.434)
]]></system-out>
  <system-err><![CDATA[]]></system-err>
</testsuite>
